#
# A fatal error has been detected by the Java Runtime Environment:
#
#  SIGSEGV (0xb) at pc=0x00007f38a1ee4b0d, pid=14943, tid=139880637105920
#
# JRE version: Java(TM) SE Runtime Environment (8.0_31-b13) (build 1.8.0_31-b13)
# Java VM: Java HotSpot(TM) 64-Bit Server VM (25.31-b07 mixed mode linux-amd64 compressed oops)
# Problematic frame:
# V  [libjvm.so+0x6a1b0d]  jni_IsInstanceOf+0xdd
#
# Failed to write core dump. Core dumps have been disabled. To enable core dumping, try "ulimit -c unlimited" before starting Java again
#
# If you would like to submit a bug report, please visit:
#   http://bugreport.java.com/bugreport/crash.jsp
#

---------------  T H R E A D  ---------------

Current thread (0x00007f389c0b9000):  JavaThread "JDWP Transport Listener: dt_socket" daemon [_thread_in_vm, id=14959, stack(0x00007f387f9f8000,0x00007f387faf9000)]

siginfo: si_signo: 11 (SIGSEGV), si_code: 1 (SEGV_MAPERR), si_addr: 0x00000003ecf9c9b8

Registers:
RAX=0x0000000000000030, RBX=0x00007f389c0b9000, RCX=0x0000000000000003, RDX=0x0000000000000030
RSP=0x00007f387faf7720, RBP=0x00007f387faf7750, RSI=0x00007f3858004b90, RDI=0x00000003ecf9c988
R8 =0x00000001000016d0, R9 =0x0000000000000002, R10=0x00007f38480e9498, R11=0x0000003a48b7ef90
R12=0x00007f3858004b90, R13=0x00007f389c06fa80, R14=0x00007f389c0b91e8, R15=0x00007f387faf7810
RIP=0x00007f38a1ee4b0d, EFLAGS=0x0000000000010206, CSGSFS=0x0000000000000033, ERR=0x0000000000000004
  TRAPNO=0x000000000000000e

Top of Stack: (sp=0x00007f387faf7720)
0x00007f387faf7720:   00007f389c0b9000 00007f38a10ea160
0x00007f387faf7730:   00007f387faf777c 00007f389c0b91e8
0x00007f387faf7740:   00007f3858004b90 00007f38a1306d60
0x00007f387faf7750:   00007f387faf7780 00007f38a10f459b
0x00007f387faf7760:   00007f387faf7780 00007f3858004b90
0x00007f387faf7770:   0000000000000008 0000000000000001
0x00007f387faf7780:   00007f387faf77d0 00007f38a10d73cb
0x00007f387faf7790:   0000000000010200 00007f385800a6b0
0x00007f387faf77a0:   000000010001d90f 000000000000000b
0x00007f387faf77b0:   0000000000000008 000000000000000b
0x00007f387faf77c0:   0000000000080b00 0000000000000008
0x00007f387faf77d0:   00007f387faf7a20 00007f38a10de976
0x00007f387faf77e0:   0001d90f00000013 00007f38a1080b00
0x00007f387faf77f0:   00007f3850001010 0000000000000000
0x00007f387faf7800:   00007f387faf7810 00007f387faf79a0
0x00007f387faf7810:   00007f387faf7864 00007f3800000128
0x00007f387faf7820:   00007f387faf7828 0000000000000004
0x00007f387faf7830:   00007f387faf7860 0000000000000000
0x00007f387faf7840:   00007f0000000000 0001d90f00000030
0x00007f387faf7850:   00007f3800007980 00007f387faf7860
0x00007f387faf7860:   76616a4c01000000 492f676e616c2f61
0x00007f387faf7870:   74536c6167656c6c 7065637845657461
0x00007f387faf7880:   7f00003b6e6f6974 000000189f005838
0x00007f387faf7890:   003e74696e693c06 76616a4c28150000
0x00007f387faf78a0:   532f676e616c2f61 56293b676e697274
0x00007f387faf78b0:   0100000000000000 109f0058387f0000
0x00007f387faf78c0:   696e693c06000000 4c282a0000003e74
0x00007f387faf78d0:   6e616c2f6176616a 676e697274532f67
0x00007f387faf78e0:   6c2f6176616a4c3b 6f7268542f676e61
0x00007f387faf78f0:   56293b656c626177 0100000000000000
0x00007f387faf7900:   089f0058387f0000 696e693c06000000
0x00007f387faf7910:   4c28180000003e74 6e616c2f6176616a 

Instructions: (pc=0x00007f38a1ee4b0d)
0x00007f38a1ee4aed:   00 0f 84 84 00 00 00 48 8b 05 4d f4 86 00 8b 7a
0x00007f38a1ee4afd:   08 8b 48 08 48 d3 e7 48 03 38 41 8b 50 0c 89 d0
0x00007f38a1ee4b0d:   4c 3b 04 07 74 3f 83 fa 18 74 28 31 db 48 8d 7d
0x00007f38a1ee4b1d:   d0 e8 8d a4 d6 ff 48 83 c4 18 89 d8 5b 41 5c 41 

Register to memory mapping:

RAX=0x0000000000000030 is an unknown value
RBX=0x00007f389c0b9000 is a thread
RCX=0x0000000000000003 is an unknown value
RDX=0x0000000000000030 is an unknown value
RSP=0x00007f387faf7720 is pointing into the stack for thread: 0x00007f389c0b9000
RBP=0x00007f387faf7750 is pointing into the stack for thread: 0x00007f389c0b9000
RSI=0x00007f3858004b90 is an unknown value
RDI=0x00000003ecf9c988 is an unknown value
R8 =0x00000001000016d0 is pointing into metadata
R9 =0x0000000000000002 is an unknown value
R10=0x00007f38480e9498 is an unknown value
R11=0x0000003a48b7ef90: <offset 0x17ef90> in /lib64/libc.so.6 at 0x0000003a48a00000
R12=0x00007f3858004b90 is an unknown value
R13=0x00007f389c06fa80 is a global jni handle
R14=0x00007f389c0b91e8 is an unknown value
R15=0x00007f387faf7810 is pointing into the stack for thread: 0x00007f389c0b9000


Stack: [0x00007f387f9f8000,0x00007f387faf9000],  sp=0x00007f387faf7720,  free space=1021k
Native frames: (J=compiled Java code, j=interpreted, Vv=VM code, C=native code)
V  [libjvm.so+0x6a1b0d]  jni_IsInstanceOf+0xdd
C  [libjdwp.so+0x2759b]  specificTypeKey+0x4b
C  [libjdwp.so+0xa3cb]  ownedMonitors+0x16b
C  [libjdwp.so+0x11976]  debugLoop_run+0x2b6
C  [libjdwp.so+0x247af]  attachThread+0x2f
V  [libjvm.so+0x774ff2]  JvmtiAgentThread::call_start_function()+0xc2
V  [libjvm.so+0xa2a9ef]  JavaThread::thread_main_inner()+0xdf
V  [libjvm.so+0xa2ab1c]  JavaThread::run()+0x11c
V  [libjvm.so+0x8e8158]  java_start(Thread*)+0x108
C  [libpthread.so.0+0x7ee5]


---------------  P R O C E S S  ---------------

Java Threads: ( => current thread )
  0x00007f3824028800 JavaThread "Thread-14" [_thread_blocked, id=15208, stack(0x00007f387d89d000,0x00007f387d99e000)]
  0x00007f382401d800 JavaThread "TimerQueue" daemon [_thread_blocked, id=14976, stack(0x00007f387db9e000,0x00007f387dc9f000)]
  0x00007f389c00b000 JavaThread "DestroyJavaVM" [_thread_blocked, id=14948, stack(0x00007f38a1742000,0x00007f38a1843000)]
  0x00007f389c3cf000 JavaThread "AWT-EventQueue-0" [_thread_blocked, id=14975, stack(0x00007f387dc9f000,0x00007f387dda0000)]
  0x00007f389c3a8800 JavaThread "AWT-Shutdown" [_thread_blocked, id=14974, stack(0x00007f387dda0000,0x00007f387dea1000)]
  0x00007f389c2a9000 JavaThread "AWT-XAWT" daemon [_thread_in_native, id=14973, stack(0x00007f387e94b000,0x00007f387ea4c000)]
  0x00007f389c262800 JavaThread "Java2D Disposer" daemon [_thread_blocked, id=14972, stack(0x00007f387ea4c000,0x00007f387eb4d000)]
  0x00007f389c0d1000 JavaThread "Service Thread" daemon [_thread_blocked, id=14970, stack(0x00007f387f3f2000,0x00007f387f4f3000)]
  0x00007f389c0c3800 JavaThread "C1 CompilerThread2" daemon [_thread_blocked, id=14969, stack(0x00007f387f4f3000,0x00007f387f5f4000)]
  0x00007f389c0c1800 JavaThread "C2 CompilerThread1" daemon [_thread_blocked, id=14968, stack(0x00007f387f5f4000,0x00007f387f6f5000)]
  0x00007f389c0bf000 JavaThread "C2 CompilerThread0" daemon [_thread_blocked, id=14967, stack(0x00007f387f6f5000,0x00007f387f7f6000)]
  0x00007f3858001000 JavaThread "JDWP Command Reader" daemon [_thread_in_native, id=14963, stack(0x00007f387f7f6000,0x00007f387f8f7000)]
  0x00007f389c0bc800 JavaThread "JDWP Event Helper Thread" daemon [_thread_blocked, id=14962, stack(0x00007f387f8f7000,0x00007f387f9f8000)]
=>0x00007f389c0b9000 JavaThread "JDWP Transport Listener: dt_socket" daemon [_thread_in_vm, id=14959, stack(0x00007f387f9f8000,0x00007f387faf9000)]
  0x00007f389c0aa000 JavaThread "Signal Dispatcher" daemon [_thread_blocked, id=14956, stack(0x00007f387fcfd000,0x00007f387fdfe000)]
  0x00007f389c07d800 JavaThread "Finalizer" daemon [_thread_blocked, id=14955, stack(0x00007f387fdfe000,0x00007f387feff000)]
  0x00007f389c07b800 JavaThread "Reference Handler" daemon [_thread_blocked, id=14954, stack(0x00007f387feff000,0x00007f3880000000)]

Other Threads:
  0x00007f389c076800 VMThread [stack: 0x00007f38840da000,0x00007f38841db000] [id=14953]
  0x00007f389c0db800 WatcherThread [stack: 0x00007f387f2f1000,0x00007f387f3f2000] [id=14971]

VM state:not at safepoint (normal execution)

VM Mutex/Monitor currently owned by a thread: None

Heap:
 PSYoungGen      total 24064K, used 713K [0x00000000d6f00000, 0x00000000d8780000, 0x0000000100000000)
  eden space 23552K, 2% used [0x00000000d6f00000,0x00000000d6f927b0,0x00000000d8600000)
  from space 512K, 25% used [0x00000000d8680000,0x00000000d86a0000,0x00000000d8700000)
  to   space 512K, 0% used [0x00000000d8700000,0x00000000d8700000,0x00000000d8780000)
 ParOldGen       total 84992K, used 3873K [0x0000000084c00000, 0x0000000089f00000, 0x00000000d6f00000)
  object space 84992K, 4% used [0x0000000084c00000,0x0000000084fc8568,0x0000000089f00000)
 Metaspace       used 13063K, capacity 13172K, committed 13312K, reserved 1060864K
  class space    used 1412K, capacity 1478K, committed 1536K, reserved 1048576K

Card table byte_map: [0x00007f38866fc000,0x00007f3886ad7000] byte_map_base: 0x00007f38862d6000

Marking Bits: (ParMarkBitMap*) 0x00007f38a279e2a0
 Begin Bits: [0x00007f38722c6000, 0x00007f3874196000)
 End Bits:   [0x00007f3874196000, 0x00007f3876066000)

Polling page: 0x00007f38a2a01000

CodeCache: size=245760Kb used=7463Kb max_used=8707Kb free=238296Kb
 bounds [0x00007f3886ad7000, 0x00007f3887377000, 0x00007f3895ad7000]
 total_blobs=2367 nmethods=1817 adapters=472
 compilation: enabled

Compilation events (10 events):
Event: 104.548 Thread 0x00007f389c0c1800 2298       4       java.security.ProtectionDomain$1::doIntersectionPrivilege (32 bytes)
Event: 104.551 Thread 0x00007f389c0c1800 nmethod 2298 0x00007f3886d58cd0 code [0x00007f3886d58e40, 0x00007f3886d58ff8]
Event: 104.708 Thread 0x00007f389c0c3800 2299       1       java.awt.event.InputEvent::consume (6 bytes)
Event: 104.708 Thread 0x00007f389c0c3800 nmethod 2299 0x00007f3886f851d0 code [0x00007f3886f85320, 0x00007f3886f85430]
Event: 106.788 Thread 0x00007f389c0bf000 2300       4       java.lang.Long::valueOf (36 bytes)
Event: 106.789 Thread 0x00007f389c0bf000 nmethod 2300 0x00007f388714cd90 code [0x00007f388714cee0, 0x00007f388714cfd8]
Event: 107.188 Thread 0x00007f389c0c1800 2301       4       java.awt.Container::getMouseEventTarget (50 bytes)
Event: 107.220 Thread 0x00007f389c0c1800 nmethod 2301 0x00007f3886d4ef10 code [0x00007f3886d4f1c0, 0x00007f3886d50808]
Event: 110.044 Thread 0x00007f389c0c3800 2302       3       sun.awt.X11.XWindow::getModifiers (9 bytes)
Event: 110.044 Thread 0x00007f389c0c3800 nmethod 2302 0x00007f3886ca1410 code [0x00007f3886ca1580, 0x00007f3886ca1708]

GC Heap History (10 events):
Event: 101.564 GC heap before
{Heap before GC invocations=283 (full 0):
 PSYoungGen      total 24064K, used 23648K [0x00000000d6f00000, 0x00000000d8780000, 0x0000000100000000)
  eden space 23552K, 100% used [0x00000000d6f00000,0x00000000d8600000,0x00000000d8600000)
  from space 512K, 18% used [0x00000000d8700000,0x00000000d8718000,0x00000000d8780000)
  to   space 512K, 0% used [0x00000000d8680000,0x00000000d8680000,0x00000000d8700000)
 ParOldGen       total 84992K, used 3825K [0x0000000084c00000, 0x0000000089f00000, 0x00000000d6f00000)
  object space 84992K, 4% used [0x0000000084c00000,0x0000000084fbc568,0x0000000089f00000)
 Metaspace       used 13059K, capacity 13172K, committed 13312K, reserved 1060864K
  class space    used 1412K, capacity 1478K, committed 1536K, reserved 1048576K
Event: 101.565 GC heap after
Heap after GC invocations=283 (full 0):
 PSYoungGen      total 24064K, used 96K [0x00000000d6f00000, 0x00000000d8780000, 0x0000000100000000)
  eden space 23552K, 0% used [0x00000000d6f00000,0x00000000d6f00000,0x00000000d8600000)
  from space 512K, 18% used [0x00000000d8680000,0x00000000d8698000,0x00000000d8700000)
  to   space 512K, 0% used [0x00000000d8700000,0x00000000d8700000,0x00000000d8780000)
 ParOldGen       total 84992K, used 3825K [0x0000000084c00000, 0x0000000089f00000, 0x00000000d6f00000)
  object space 84992K, 4% used [0x0000000084c00000,0x0000000084fbc568,0x0000000089f00000)
 Metaspace       used 13059K, capacity 13172K, committed 13312K, reserved 1060864K
  class space    used 1412K, capacity 1478K, committed 1536K, reserved 1048576K
}
Event: 101.808 GC heap before
{Heap before GC invocations=284 (full 0):
 PSYoungGen      total 24064K, used 23648K [0x00000000d6f00000, 0x00000000d8780000, 0x0000000100000000)
  eden space 23552K, 100% used [0x00000000d6f00000,0x00000000d8600000,0x00000000d8600000)
  from space 512K, 18% used [0x00000000d8680000,0x00000000d8698000,0x00000000d8700000)
  to   space 512K, 0% used [0x00000000d8700000,0x00000000d8700000,0x00000000d8780000)
 ParOldGen       total 84992K, used 3825K [0x0000000084c00000, 0x0000000089f00000, 0x00000000d6f00000)
  object space 84992K, 4% used [0x0000000084c00000,0x0000000084fbc568,0x0000000089f00000)
 Metaspace       used 13059K, capacity 13172K, committed 13312K, reserved 1060864K
  class space    used 1412K, capacity 1478K, committed 1536K, reserved 1048576K
Event: 101.808 GC heap after
Heap after GC invocations=284 (full 0):
 PSYoungGen      total 24064K, used 96K [0x00000000d6f00000, 0x00000000d8780000, 0x0000000100000000)
  eden space 23552K, 0% used [0x00000000d6f00000,0x00000000d6f00000,0x00000000d8600000)
  from space 512K, 18% used [0x00000000d8700000,0x00000000d8718000,0x00000000d8780000)
  to   space 512K, 0% used [0x00000000d8680000,0x00000000d8680000,0x00000000d8700000)
 ParOldGen       total 84992K, used 3841K [0x0000000084c00000, 0x0000000089f00000, 0x00000000d6f00000)
  object space 84992K, 4% used [0x0000000084c00000,0x0000000084fc0568,0x0000000089f00000)
 Metaspace       used 13059K, capacity 13172K, committed 13312K, reserved 1060864K
  class space    used 1412K, capacity 1478K, committed 1536K, reserved 1048576K
}
Event: 102.049 GC heap before
{Heap before GC invocations=285 (full 0):
 PSYoungGen      total 24064K, used 23648K [0x00000000d6f00000, 0x00000000d8780000, 0x0000000100000000)
  eden space 23552K, 100% used [0x00000000d6f00000,0x00000000d8600000,0x00000000d8600000)
  from space 512K, 18% used [0x00000000d8700000,0x00000000d8718000,0x00000000d8780000)
  to   space 512K, 0% used [0x00000000d8680000,0x00000000d8680000,0x00000000d8700000)
 ParOldGen       total 84992K, used 3841K [0x0000000084c00000, 0x0000000089f00000, 0x00000000d6f00000)
  object space 84992K, 4% used [0x0000000084c00000,0x0000000084fc0568,0x0000000089f00000)
 Metaspace       used 13059K, capacity 13172K, committed 13312K, reserved 1060864K
  class space    used 1412K, capacity 1478K, committed 1536K, reserved 1048576K
Event: 102.050 GC heap after
Heap after GC invocations=285 (full 0):
 PSYoungGen      total 24064K, used 96K [0x00000000d6f00000, 0x00000000d8780000, 0x0000000100000000)
  eden space 23552K, 0% used [0x00000000d6f00000,0x00000000d6f00000,0x00000000d8600000)
  from space 512K, 18% used [0x00000000d8680000,0x00000000d8698000,0x00000000d8700000)
  to   space 512K, 0% used [0x00000000d8700000,0x00000000d8700000,0x00000000d8780000)
 ParOldGen       total 84992K, used 3841K [0x0000000084c00000, 0x0000000089f00000, 0x00000000d6f00000)
  object space 84992K, 4% used [0x0000000084c00000,0x0000000084fc0568,0x0000000089f00000)
 Metaspace       used 13059K, capacity 13172K, committed 13312K, reserved 1060864K
  class space    used 1412K, capacity 1478K, committed 1536K, reserved 1048576K
}
Event: 102.290 GC heap before
{Heap before GC invocations=286 (full 0):
 PSYoungGen      total 24064K, used 23648K [0x00000000d6f00000, 0x00000000d8780000, 0x0000000100000000)
  eden space 23552K, 100% used [0x00000000d6f00000,0x00000000d8600000,0x00000000d8600000)
  from space 512K, 18% used [0x00000000d8680000,0x00000000d8698000,0x00000000d8700000)
  to   space 512K, 0% used [0x00000000d8700000,0x00000000d8700000,0x00000000d8780000)
 ParOldGen       total 84992K, used 3841K [0x0000000084c00000, 0x0000000089f00000, 0x00000000d6f00000)
  object space 84992K, 4% used [0x0000000084c00000,0x0000000084fc0568,0x0000000089f00000)
 Metaspace       used 13059K, capacity 13172K, committed 13312K, reserved 1060864K
  class space    used 1412K, capacity 1478K, committed 1536K, reserved 1048576K
Event: 102.291 GC heap after
Heap after GC invocations=286 (full 0):
 PSYoungGen      total 24064K, used 128K [0x00000000d6f00000, 0x00000000d8780000, 0x0000000100000000)
  eden space 23552K, 0% used [0x00000000d6f00000,0x00000000d6f00000,0x00000000d8600000)
  from space 512K, 25% used [0x00000000d8700000,0x00000000d8720000,0x00000000d8780000)
  to   space 512K, 0% used [0x00000000d8680000,0x00000000d8680000,0x00000000d8700000)
 ParOldGen       total 84992K, used 3857K [0x0000000084c00000, 0x0000000089f00000, 0x00000000d6f00000)
  object space 84992K, 4% used [0x0000000084c00000,0x0000000084fc4568,0x0000000089f00000)
 Metaspace       used 13059K, capacity 13172K, committed 13312K, reserved 1060864K
  class space    used 1412K, capacity 1478K, committed 1536K, reserved 1048576K
}
Event: 104.148 GC heap before
{Heap before GC invocations=287 (full 0):
 PSYoungGen      total 24064K, used 23680K [0x00000000d6f00000, 0x00000000d8780000, 0x0000000100000000)
  eden space 23552K, 100% used [0x00000000d6f00000,0x00000000d8600000,0x00000000d8600000)
  from space 512K, 25% used [0x00000000d8700000,0x00000000d8720000,0x00000000d8780000)
  to   space 512K, 0% used [0x00000000d8680000,0x00000000d8680000,0x00000000d8700000)
 ParOldGen       total 84992K, used 3857K [0x0000000084c00000, 0x0000000089f00000, 0x00000000d6f00000)
  object space 84992K, 4% used [0x0000000084c00000,0x0000000084fc4568,0x0000000089f00000)
 Metaspace       used 13059K, capacity 13172K, committed 13312K, reserved 1060864K
  class space    used 1412K, capacity 1478K, committed 1536K, reserved 1048576K
Event: 104.149 GC heap after
Heap after GC invocations=287 (full 0):
 PSYoungGen      total 24064K, used 128K [0x00000000d6f00000, 0x00000000d8780000, 0x0000000100000000)
  eden space 23552K, 0% used [0x00000000d6f00000,0x00000000d6f00000,0x00000000d8600000)
  from space 512K, 25% used [0x00000000d8680000,0x00000000d86a0000,0x00000000d8700000)
  to   space 512K, 0% used [0x00000000d8700000,0x00000000d8700000,0x00000000d8780000)
 ParOldGen       total 84992K, used 3873K [0x0000000084c00000, 0x0000000089f00000, 0x00000000d6f00000)
  object space 84992K, 4% used [0x0000000084c00000,0x0000000084fc8568,0x0000000089f00000)
 Metaspace       used 13059K, capacity 13172K, committed 13312K, reserved 1060864K
  class space    used 1412K, capacity 1478K, committed 1536K, reserved 1048576K
}

Deoptimization events (10 events):
Event: 56.991 Thread 0x00007f389c3cf000 Uncommon trap: reason=class_check action=maybe_recompile pc=0x00007f38872cd2f4 method=java.awt.EventQueue.dispatchEventImpl(Ljava/awt/AWTEvent;Ljava/lang/Object;)V @ 18
Event: 59.243 Thread 0x00007f389c3cf000 Uncommon trap: reason=unreached action=reinterpret pc=0x00007f38871e1b44 method=java.awt.KeyboardFocusManager.getFocusOwner()Ljava/awt/Component; @ 8
Event: 66.670 Thread 0x00007f3824024800 Uncommon trap: reason=unreached action=reinterpret pc=0x00007f38870a76d4 method=sun.awt.X11.XAwtState.getComponentMouseEntered()Ljava/awt/Component; @ 6
Event: 69.572 Thread 0x00007f389c3cf000 Uncommon trap: reason=unreached action=reinterpret pc=0x00007f388725da08 method=java.util.concurrent.locks.ReentrantLock$Sync.isHeldExclusively()Z @ 7
Event: 69.659 Thread 0x00007f3824025000 Uncommon trap: reason=class_check action=maybe_recompile pc=0x00007f388712c944 method=genericGui.GenericGui.getComponent(I)Ljava/awt/Container; @ 25
Event: 69.660 Thread 0x00007f3824025000 Uncommon trap: reason=class_check action=maybe_recompile pc=0x00007f388712c944 method=genericGui.GenericGui.getComponent(I)Ljava/awt/Container; @ 25
Event: 69.660 Thread 0x00007f3824025000 Uncommon trap: reason=class_check action=maybe_recompile pc=0x00007f388712c944 method=genericGui.GenericGui.getComponent(I)Ljava/awt/Container; @ 25
Event: 69.660 Thread 0x00007f3824025000 Uncommon trap: reason=class_check action=maybe_recompile pc=0x00007f388712c944 method=genericGui.GenericGui.getComponent(I)Ljava/awt/Container; @ 25
Event: 70.324 Thread 0x00007f389c3cf000 Uncommon trap: reason=bimorphic action=maybe_recompile pc=0x00007f38870e3f80 method=java.util.ComparableTimSort.countRunAndMakeAscending([Ljava/lang/Object;II)I @ 42
Event: 102.523 Thread 0x00007f3824028800 Uncommon trap: reason=null_check action=none pc=0x00007f3887164374 method=maths.ObsCalc.intersectingPoints(Lrenderables/RenderableOval;Ljava/awt/geom/Line2D;)[Ljava/awt/geom/Point2D; @ 141

Internal exceptions (10 events):
Event: 2.721 Thread 0x00007f3824020800 Exception <a 'java/security/PrivilegedActionException'> (0x00000000d77d37e8) thrown at [/HUDSON/workspace/8-2-build-linux-amd64/jdk8u31/2394/hotspot/src/share/vm/prims/jvm.cpp, line 1312]
Event: 2.722 Thread 0x00007f3824020800 Exception <a 'java/security/PrivilegedActionException'> (0x00000000d77d6a48) thrown at [/HUDSON/workspace/8-2-build-linux-amd64/jdk8u31/2394/hotspot/src/share/vm/prims/jvm.cpp, line 1312]
Event: 4.121 Thread 0x00007f3824023800 Exception <a 'java/security/PrivilegedActionException'> (0x00000000d798f088) thrown at [/HUDSON/workspace/8-2-build-linux-amd64/jdk8u31/2394/hotspot/src/share/vm/prims/jvm.cpp, line 1312]
Event: 4.122 Thread 0x00007f3824023800 Exception <a 'java/security/PrivilegedActionException'> (0x00000000d7993418) thrown at [/HUDSON/workspace/8-2-build-linux-amd64/jdk8u31/2394/hotspot/src/share/vm/prims/jvm.cpp, line 1312]
Event: 4.124 Thread 0x00007f3824023800 Exception <a 'java/security/PrivilegedActionException'> (0x00000000d7995f48) thrown at [/HUDSON/workspace/8-2-build-linux-amd64/jdk8u31/2394/hotspot/src/share/vm/prims/jvm.cpp, line 1312]
Event: 4.125 Thread 0x00007f3824023800 Exception <a 'java/security/PrivilegedActionException'> (0x00000000d7998168) thrown at [/HUDSON/workspace/8-2-build-linux-amd64/jdk8u31/2394/hotspot/src/share/vm/prims/jvm.cpp, line 1312]
Event: 21.719 Thread 0x00007f3824025000 Exception <a 'java/security/PrivilegedActionException'> (0x00000000d6f75420) thrown at [/HUDSON/workspace/8-2-build-linux-amd64/jdk8u31/2394/hotspot/src/share/vm/prims/jvm.cpp, line 1312]
Event: 56.991 Thread 0x00007f389c3cf000 Implicit null exception at 0x00007f388726ba23 to 0x00007f3887274f9d
Event: 59.243 Thread 0x00007f389c3cf000 Implicit null exception at 0x00007f38871e18a6 to 0x00007f38871e1b31
Event: 66.670 Thread 0x00007f3824024800 Implicit null exception at 0x00007f38870a20af to 0x00007f38870a76c5

Events (10 events):
Event: 140.008 Executing VM operation: EnterInterpOnlyMode
Event: 140.008 Executing nested VM operation: Deoptimize
Event: 140.009 Executing nested VM operation: Deoptimize done
Event: 140.009 Executing VM operation: EnterInterpOnlyMode done
Event: 140.009 Executing VM operation: GetCurrentLocation
Event: 140.009 Executing VM operation: GetCurrentLocation done
Event: 140.009 Executing VM operation: ChangeSingleStep
Event: 140.009 Executing VM operation: ChangeSingleStep done
Event: 140.009 Executing VM operation: ChangeSingleStep
Event: 140.010 Executing VM operation: ChangeSingleStep done


Dynamic libraries:
00400000-00401000 r-xp 00000000 fd:00 6843888                            /usr/local/jdk1.8.0_31/bin/java
00600000-00601000 rw-p 00000000 fd:00 6843888                            /usr/local/jdk1.8.0_31/bin/java
011f8000-01219000 rw-p 00000000 00:00 0                                  [heap]
84c00000-89f00000 rw-p 00000000 00:00 0 
89f00000-d6f00000 ---p 00000000 00:00 0 
d6f00000-d8780000 rw-p 00000000 00:00 0 
d8780000-100000000 ---p 00000000 00:00 0 
100000000-100180000 rw-p 00000000 00:00 0 
100180000-140000000 ---p 00000000 00:00 0 
3a48600000-3a48620000 r-xp 00000000 fd:00 6559646                        /usr/lib64/ld-2.18.so
3a4881f000-3a48820000 r--p 0001f000 fd:00 6559646                        /usr/lib64/ld-2.18.so
3a48820000-3a48821000 rw-p 00020000 fd:00 6559646                        /usr/lib64/ld-2.18.so
3a48821000-3a48822000 rw-p 00000000 00:00 0 
3a48a00000-3a48bb4000 r-xp 00000000 fd:00 6572900                        /usr/lib64/libc-2.18.so
3a48bb4000-3a48db3000 ---p 001b4000 fd:00 6572900                        /usr/lib64/libc-2.18.so
3a48db3000-3a48db7000 r--p 001b3000 fd:00 6572900                        /usr/lib64/libc-2.18.so
3a48db7000-3a48db9000 rw-p 001b7000 fd:00 6572900                        /usr/lib64/libc-2.18.so
3a48db9000-3a48dbe000 rw-p 00000000 00:00 0 
3a48e00000-3a48e03000 r-xp 00000000 fd:00 6568114                        /usr/lib64/libdl-2.18.so
3a48e03000-3a49002000 ---p 00003000 fd:00 6568114                        /usr/lib64/libdl-2.18.so
3a49002000-3a49003000 r--p 00002000 fd:00 6568114                        /usr/lib64/libdl-2.18.so
3a49003000-3a49004000 rw-p 00003000 fd:00 6568114                        /usr/lib64/libdl-2.18.so
3a49200000-3a49218000 r-xp 00000000 fd:00 6572904                        /usr/lib64/libpthread-2.18.so
3a49218000-3a49417000 ---p 00018000 fd:00 6572904                        /usr/lib64/libpthread-2.18.so
3a49417000-3a49418000 r--p 00017000 fd:00 6572904                        /usr/lib64/libpthread-2.18.so
3a49418000-3a49419000 rw-p 00018000 fd:00 6572904                        /usr/lib64/libpthread-2.18.so
3a49419000-3a4941d000 rw-p 00000000 00:00 0 
3a49600000-3a49705000 r-xp 00000000 fd:00 6572908                        /usr/lib64/libm-2.18.so
3a49705000-3a49905000 ---p 00105000 fd:00 6572908                        /usr/lib64/libm-2.18.so
3a49905000-3a49906000 r--p 00105000 fd:00 6572908                        /usr/lib64/libm-2.18.so
3a49906000-3a49907000 rw-p 00106000 fd:00 6572908                        /usr/lib64/libm-2.18.so
3a4a200000-3a4a215000 r-xp 00000000 fd:00 6572923                        /usr/lib64/libgcc_s-4.8.3-20140624.so.1
3a4a215000-3a4a414000 ---p 00015000 fd:00 6572923                        /usr/lib64/libgcc_s-4.8.3-20140624.so.1
3a4a414000-3a4a415000 r--p 00014000 fd:00 6572923                        /usr/lib64/libgcc_s-4.8.3-20140624.so.1
3a4a415000-3a4a416000 rw-p 00015000 fd:00 6572923                        /usr/lib64/libgcc_s-4.8.3-20140624.so.1
3a4a600000-3a4a607000 r-xp 00000000 fd:00 6572921                        /usr/lib64/librt-2.18.so
3a4a607000-3a4a806000 ---p 00007000 fd:00 6572921                        /usr/lib64/librt-2.18.so
3a4a806000-3a4a807000 r--p 00006000 fd:00 6572921                        /usr/lib64/librt-2.18.so
3a4a807000-3a4a808000 rw-p 00007000 fd:00 6572921                        /usr/lib64/librt-2.18.so
3a4b200000-3a4b216000 r-xp 00000000 fd:00 6572916                        /usr/lib64/libresolv-2.18.so
3a4b216000-3a4b416000 ---p 00016000 fd:00 6572916                        /usr/lib64/libresolv-2.18.so
3a4b416000-3a4b417000 r--p 00016000 fd:00 6572916                        /usr/lib64/libresolv-2.18.so
3a4b417000-3a4b418000 rw-p 00017000 fd:00 6572916                        /usr/lib64/libresolv-2.18.so
3a4b418000-3a4b41a000 rw-p 00000000 00:00 0 
3a4b600000-3a4b60b000 r-xp 00000000 fd:00 6560038                        /usr/lib64/libnss_files-2.18.so
3a4b60b000-3a4b80a000 ---p 0000b000 fd:00 6560038                        /usr/lib64/libnss_files-2.18.so
3a4b80a000-3a4b80b000 r--p 0000a000 fd:00 6560038                        /usr/lib64/libnss_files-2.18.so
3a4b80b000-3a4b80c000 rw-p 0000b000 fd:00 6560038                        /usr/lib64/libnss_files-2.18.so
3a4c000000-3a4c005000 r-xp 00000000 fd:00 6558385                        /usr/lib64/libnss_dns-2.18.so
3a4c005000-3a4c204000 ---p 00005000 fd:00 6558385                        /usr/lib64/libnss_dns-2.18.so
3a4c204000-3a4c205000 r--p 00004000 fd:00 6558385                        /usr/lib64/libnss_dns-2.18.so
3a4c205000-3a4c206000 rw-p 00005000 fd:00 6558385                        /usr/lib64/libnss_dns-2.18.so
3a4ca00000-3a4ca02000 r-xp 00000000 fd:00 6572929                        /usr/lib64/libXau.so.6.0.0
3a4ca02000-3a4cc02000 ---p 00002000 fd:00 6572929                        /usr/lib64/libXau.so.6.0.0
3a4cc02000-3a4cc03000 r--p 00002000 fd:00 6572929                        /usr/lib64/libXau.so.6.0.0
3a4cc03000-3a4cc04000 rw-p 00003000 fd:00 6572929                        /usr/lib64/libXau.so.6.0.0
3a4ce00000-3a4ce20000 r-xp 00000000 fd:00 6572930                        /usr/lib64/libxcb.so.1.1.0
3a4ce20000-3a4d01f000 ---p 00020000 fd:00 6572930                        /usr/lib64/libxcb.so.1.1.0
3a4d01f000-3a4d020000 r--p 0001f000 fd:00 6572930                        /usr/lib64/libxcb.so.1.1.0
3a4d020000-3a4d021000 rw-p 00020000 fd:00 6572930                        /usr/lib64/libxcb.so.1.1.0
3a4da00000-3a4db38000 r-xp 00000000 fd:00 6572931                        /usr/lib64/libX11.so.6.3.0
3a4db38000-3a4dd38000 ---p 00138000 fd:00 6572931                        /usr/lib64/libX11.so.6.3.0
3a4dd38000-3a4dd39000 r--p 00138000 fd:00 6572931                        /usr/lib64/libX11.so.6.3.0
3a4dd39000-3a4dd3e000 rw-p 00139000 fd:00 6572931                        /usr/lib64/libX11.so.6.3.0
3a4de00000-3a4de11000 r-xp 00000000 fd:00 6572938                        /usr/lib64/libXext.so.6.4.0
3a4de11000-3a4e010000 ---p 00011000 fd:00 6572938                        /usr/lib64/libXext.so.6.4.0
3a4e010000-3a4e011000 r--p 00010000 fd:00 6572938                        /usr/lib64/libXext.so.6.4.0
3a4e011000-3a4e012000 rw-p 00011000 fd:00 6572938                        /usr/lib64/libXext.so.6.4.0
3a4fa00000-3a4fa09000 r-xp 00000000 fd:00 6572942                        /usr/lib64/libXrender.so.1.3.0
3a4fa09000-3a4fc08000 ---p 00009000 fd:00 6572942                        /usr/lib64/libXrender.so.1.3.0
3a4fc08000-3a4fc09000 r--p 00008000 fd:00 6572942                        /usr/lib64/libXrender.so.1.3.0
3a4fc09000-3a4fc0a000 rw-p 00009000 fd:00 6572942                        /usr/lib64/libXrender.so.1.3.0
3a50e00000-3a50e05000 r-xp 00000000 fd:00 6572939                        /usr/lib64/libXfixes.so.3.1.0
3a50e05000-3a51004000 ---p 00005000 fd:00 6572939                        /usr/lib64/libXfixes.so.3.1.0
3a51004000-3a51005000 r--p 00004000 fd:00 6572939                        /usr/lib64/libXfixes.so.3.1.0
3a51005000-3a51006000 rw-p 00005000 fd:00 6572939                        /usr/lib64/libXfixes.so.3.1.0
3a51e00000-3a51e0f000 r-xp 00000000 fd:00 6572964                        /usr/lib64/libXi.so.6.1.0
3a51e0f000-3a5200e000 ---p 0000f000 fd:00 6572964                        /usr/lib64/libXi.so.6.1.0
3a5200e000-3a5200f000 r--p 0000e000 fd:00 6572964                        /usr/lib64/libXi.so.6.1.0
3a5200f000-3a52010000 rw-p 0000f000 fd:00 6572964                        /usr/lib64/libXi.so.6.1.0
3a55600000-3a5560a000 r-xp 00000000 fd:00 6572965                        /usr/lib64/libXcursor.so.1.0.2
3a5560a000-3a55809000 ---p 0000a000 fd:00 6572965                        /usr/lib64/libXcursor.so.1.0.2
3a55809000-3a5580a000 r--p 00009000 fd:00 6572965                        /usr/lib64/libXcursor.so.1.0.2
3a5580a000-3a5580b000 rw-p 0000a000 fd:00 6572965                        /usr/lib64/libXcursor.so.1.0.2
3a6e600000-3a6e605000 r-xp 00000000 fd:00 6573026                        /usr/lib64/libXtst.so.6.1.0
3a6e605000-3a6e804000 ---p 00005000 fd:00 6573026                        /usr/lib64/libXtst.so.6.1.0
3a6e804000-3a6e805000 r--p 00004000 fd:00 6573026                        /usr/lib64/libXtst.so.6.1.0
3a6e805000-3a6e806000 rw-p 00005000 fd:00 6573026                        /usr/lib64/libXtst.so.6.1.0
7f381c000000-7f381c02d000 rw-p 00000000 00:00 0 
7f381c02d000-7f3820000000 ---p 00000000 00:00 0 
7f3824000000-7f382404b000 rw-p 00000000 00:00 0 
7f382404b000-7f3828000000 ---p 00000000 00:00 0 
7f3828000000-7f3828021000 rw-p 00000000 00:00 0 
7f3828021000-7f382c000000 ---p 00000000 00:00 0 
7f382c000000-7f382c284000 rw-p 00000000 00:00 0 
7f382c284000-7f3830000000 ---p 00000000 00:00 0 
7f3830000000-7f3830021000 rw-p 00000000 00:00 0 
7f3830021000-7f3834000000 ---p 00000000 00:00 0 
7f3834000000-7f3834021000 rw-p 00000000 00:00 0 
7f3834021000-7f3838000000 ---p 00000000 00:00 0 
7f3838000000-7f3838021000 rw-p 00000000 00:00 0 
7f3838021000-7f383c000000 ---p 00000000 00:00 0 
7f383c000000-7f383c680000 rw-p 00000000 00:00 0 
7f383c680000-7f3840000000 ---p 00000000 00:00 0 
7f3840000000-7f3840021000 rw-p 00000000 00:00 0 
7f3840021000-7f3844000000 ---p 00000000 00:00 0 
7f3844000000-7f384567f000 rw-p 00000000 00:00 0 
7f384567f000-7f3848000000 ---p 00000000 00:00 0 
7f3848000000-7f38494bd000 rw-p 00000000 00:00 0 
7f38494bd000-7f384c000000 ---p 00000000 00:00 0 
7f384c000000-7f384c021000 rw-p 00000000 00:00 0 
7f384c021000-7f3850000000 ---p 00000000 00:00 0 
7f3850000000-7f3850021000 rw-p 00000000 00:00 0 
7f3850021000-7f3854000000 ---p 00000000 00:00 0 
7f3854000000-7f3854021000 rw-p 00000000 00:00 0 
7f3854021000-7f3858000000 ---p 00000000 00:00 0 
7f3858000000-7f385829f000 rw-p 00000000 00:00 0 
7f385829f000-7f385c000000 ---p 00000000 00:00 0 
7f385c000000-7f385c021000 rw-p 00000000 00:00 0 
7f385c021000-7f3860000000 ---p 00000000 00:00 0 
7f3860000000-7f3860021000 rw-p 00000000 00:00 0 
7f3860021000-7f3864000000 ---p 00000000 00:00 0 
7f3864000000-7f3864021000 rw-p 00000000 00:00 0 
7f3864021000-7f3868000000 ---p 00000000 00:00 0 
7f3868000000-7f3868021000 rw-p 00000000 00:00 0 
7f3868021000-7f386c000000 ---p 00000000 00:00 0 
7f386c000000-7f386c021000 rw-p 00000000 00:00 0 
7f386c021000-7f3870000000 ---p 00000000 00:00 0 
7f38722c6000-7f3876066000 rw-p 00000000 00:00 0 
7f3878000000-7f3878021000 rw-p 00000000 00:00 0 
7f3878021000-7f387c000000 ---p 00000000 00:00 0 
7f387d670000-7f387d69a000 r-xp 00000000 fd:00 8142053                    /usr/local/jdk1.8.0_31/jre/lib/amd64/libdcpr.so
7f387d69a000-7f387d89a000 ---p 0002a000 fd:00 8142053                    /usr/local/jdk1.8.0_31/jre/lib/amd64/libdcpr.so
7f387d89a000-7f387d89d000 rw-p 0002a000 fd:00 8142053                    /usr/local/jdk1.8.0_31/jre/lib/amd64/libdcpr.so
7f387d89d000-7f387d8a0000 ---p 00000000 00:00 0 
7f387d8a0000-7f387db1e000 rw-p 00000000 00:00 0                          [stack:15208]
7f387db1e000-7f387db9e000 ---p 00000000 00:00 0 
7f387db9e000-7f387dba1000 ---p 00000000 00:00 0 
7f387dba1000-7f387dc9f000 rw-p 00000000 00:00 0                          [stack:14976]
7f387dc9f000-7f387dca2000 ---p 00000000 00:00 0 
7f387dca2000-7f387dda0000 rw-p 00000000 00:00 0                          [stack:14975]
7f387dda0000-7f387dda3000 ---p 00000000 00:00 0 
7f387dda3000-7f387dea1000 rw-p 00000000 00:00 0                          [stack:14974]
7f387dea1000-7f387df0a000 r-xp 00000000 fd:00 8142099                    /usr/local/jdk1.8.0_31/jre/lib/amd64/libt2k.so
7f387df0a000-7f387e109000 ---p 00069000 fd:00 8142099                    /usr/local/jdk1.8.0_31/jre/lib/amd64/libt2k.so
7f387e109000-7f387e110000 rw-p 00068000 fd:00 8142099                    /usr/local/jdk1.8.0_31/jre/lib/amd64/libt2k.so
7f387e110000-7f387e120000 rw-p 00000000 00:00 0 
7f387e120000-7f387e122000 r-xp 00000000 fd:00 6566529                    /usr/lib64/libnss_mdns4_minimal.so.2
7f387e122000-7f387e321000 ---p 00002000 fd:00 6566529                    /usr/lib64/libnss_mdns4_minimal.so.2
7f387e321000-7f387e322000 r--p 00001000 fd:00 6566529                    /usr/lib64/libnss_mdns4_minimal.so.2
7f387e322000-7f387e323000 rw-p 00002000 fd:00 6566529                    /usr/lib64/libnss_mdns4_minimal.so.2
7f387e323000-7f387e523000 rw-p 00000000 00:00 0 
7f387e523000-7f387e534000 r-xp 00000000 fd:00 8142089                    /usr/local/jdk1.8.0_31/jre/lib/amd64/libnio.so
7f387e534000-7f387e733000 ---p 00011000 fd:00 8142089                    /usr/local/jdk1.8.0_31/jre/lib/amd64/libnio.so
7f387e733000-7f387e734000 rw-p 00010000 fd:00 8142089                    /usr/local/jdk1.8.0_31/jre/lib/amd64/libnio.so
7f387e734000-7f387e74a000 r-xp 00000000 fd:00 8142088                    /usr/local/jdk1.8.0_31/jre/lib/amd64/libnet.so
7f387e74a000-7f387e94a000 ---p 00016000 fd:00 8142088                    /usr/local/jdk1.8.0_31/jre/lib/amd64/libnet.so
7f387e94a000-7f387e94b000 rw-p 00016000 fd:00 8142088                    /usr/local/jdk1.8.0_31/jre/lib/amd64/libnet.so
7f387e94b000-7f387e94e000 ---p 00000000 00:00 0 
7f387e94e000-7f387ea4c000 rw-p 00000000 00:00 0                          [stack:14973]
7f387ea4c000-7f387ea4f000 ---p 00000000 00:00 0 
7f387ea4f000-7f387eb4d000 rw-p 00000000 00:00 0                          [stack:14972]
7f387eb4d000-7f387ebb2000 r-xp 00000000 fd:00 8142057                    /usr/local/jdk1.8.0_31/jre/lib/amd64/libfontmanager.so
7f387ebb2000-7f387edb1000 ---p 00065000 fd:00 8142057                    /usr/local/jdk1.8.0_31/jre/lib/amd64/libfontmanager.so
7f387edb1000-7f387edb5000 rw-p 00064000 fd:00 8142057                    /usr/local/jdk1.8.0_31/jre/lib/amd64/libfontmanager.so
7f387edb5000-7f387edc6000 rw-p 00000000 00:00 0 
7f387edc6000-7f387ee1a000 r-xp 00000000 fd:00 8142052                    /usr/local/jdk1.8.0_31/jre/lib/amd64/libawt_xawt.so
7f387ee1a000-7f387f01a000 ---p 00054000 fd:00 8142052                    /usr/local/jdk1.8.0_31/jre/lib/amd64/libawt_xawt.so
7f387f01a000-7f387f01e000 rw-p 00054000 fd:00 8142052                    /usr/local/jdk1.8.0_31/jre/lib/amd64/libawt_xawt.so
7f387f01e000-7f387f01f000 rw-p 00000000 00:00 0 
7f387f01f000-7f387f0c1000 r-xp 00000000 fd:00 8142050                    /usr/local/jdk1.8.0_31/jre/lib/amd64/libawt.so
7f387f0c1000-7f387f2c1000 ---p 000a2000 fd:00 8142050                    /usr/local/jdk1.8.0_31/jre/lib/amd64/libawt.so
7f387f2c1000-7f387f2cd000 rw-p 000a2000 fd:00 8142050                    /usr/local/jdk1.8.0_31/jre/lib/amd64/libawt.so
7f387f2cd000-7f387f2f1000 rw-p 00000000 00:00 0 
7f387f2f1000-7f387f2f2000 ---p 00000000 00:00 0 
7f387f2f2000-7f387f3f2000 rw-p 00000000 00:00 0                          [stack:14971]
7f387f3f2000-7f387f3f5000 ---p 00000000 00:00 0 
7f387f3f5000-7f387f4f3000 rw-p 00000000 00:00 0                          [stack:14970]
7f387f4f3000-7f387f4f6000 ---p 00000000 00:00 0 
7f387f4f6000-7f387f5f4000 rw-p 00000000 00:00 0                          [stack:14969]
7f387f5f4000-7f387f5f7000 ---p 00000000 00:00 0 
7f387f5f7000-7f387f6f5000 rw-p 00000000 00:00 0                          [stack:14968]
7f387f6f5000-7f387f6f8000 ---p 00000000 00:00 0 
7f387f6f8000-7f387f7f6000 rw-p 00000000 00:00 0                          [stack:14967]
7f387f7f6000-7f387f7f9000 ---p 00000000 00:00 0 
7f387f7f9000-7f387f8f7000 rw-p 00000000 00:00 0                          [stack:14963]
7f387f8f7000-7f387f8fa000 ---p 00000000 00:00 0 
7f387f8fa000-7f387f9f8000 rw-p 00000000 00:00 0                          [stack:14962]
7f387f9f8000-7f387f9fb000 ---p 00000000 00:00 0 
7f387f9fb000-7f387faf9000 rw-p 00000000 00:00 0                          [stack:14959]
7f387faf9000-7f387fafd000 r-xp 00000000 fd:00 8142056                    /usr/local/jdk1.8.0_31/jre/lib/amd64/libdt_socket.so
7f387fafd000-7f387fcfc000 ---p 00004000 fd:00 8142056                    /usr/local/jdk1.8.0_31/jre/lib/amd64/libdt_socket.so
7f387fcfc000-7f387fcfd000 rw-p 00003000 fd:00 8142056                    /usr/local/jdk1.8.0_31/jre/lib/amd64/libdt_socket.so
7f387fcfd000-7f387fd00000 ---p 00000000 00:00 0 
7f387fd00000-7f387fdfe000 rw-p 00000000 00:00 0                          [stack:14956]
7f387fdfe000-7f387fe01000 ---p 00000000 00:00 0 
7f387fe01000-7f387feff000 rw-p 00000000 00:00 0                          [stack:14955]
7f387feff000-7f387ff02000 ---p 00000000 00:00 0 
7f387ff02000-7f3880000000 rw-p 00000000 00:00 0                          [stack:14954]
7f3880000000-7f3880021000 rw-p 00000000 00:00 0 
7f3880021000-7f3884000000 ---p 00000000 00:00 0 
7f38840da000-7f38840db000 ---p 00000000 00:00 0 
7f38840db000-7f38851bd000 rw-p 00000000 00:00 0                          [stack:14953]
7f38851bd000-7f3885393000 r--s 03cae000 fd:00 8142252                    /usr/local/jdk1.8.0_31/jre/lib/rt.jar
7f3885393000-7f3886066000 rw-p 00000000 00:00 0 
7f3886066000-7f3886067000 ---p 00000000 00:00 0 
7f3886067000-7f3886167000 rw-p 00000000 00:00 0                          [stack:14952]
7f3886167000-7f3886168000 ---p 00000000 00:00 0 
7f3886168000-7f3886268000 rw-p 00000000 00:00 0                          [stack:14951]
7f3886268000-7f3886269000 ---p 00000000 00:00 0 
7f3886269000-7f3886369000 rw-p 00000000 00:00 0                          [stack:14950]
7f3886369000-7f388636a000 ---p 00000000 00:00 0 
7f388636a000-7f3886494000 rw-p 00000000 00:00 0                          [stack:14949]
7f3886494000-7f38866fc000 ---p 00000000 00:00 0 
7f38866fc000-7f3886726000 rw-p 00000000 00:00 0 
7f3886726000-7f388698d000 ---p 00000000 00:00 0 
7f388698d000-7f388699a000 rw-p 00000000 00:00 0 
7f388699a000-7f3886ad6000 ---p 00000000 00:00 0 
7f3886ad6000-7f3886ad7000 rw-p 00000000 00:00 0 
7f3886ad7000-7f3887377000 rwxp 00000000 00:00 0 
7f3887377000-7f3895ad7000 ---p 00000000 00:00 0 
7f3895ad7000-7f389c000000 r--p 00000000 fd:00 6856332                    /usr/lib/locale/locale-archive
7f389c000000-7f389c550000 rw-p 00000000 00:00 0 
7f389c550000-7f38a0000000 ---p 00000000 00:00 0 
7f38a0000000-7f38a006b000 rw-p 00000000 00:00 0 
7f38a006b000-7f38a0408000 ---p 00000000 00:00 0 
7f38a0408000-7f38a0422000 r-xp 00000000 fd:00 8142102                    /usr/local/jdk1.8.0_31/jre/lib/amd64/libzip.so
7f38a0422000-7f38a0622000 ---p 0001a000 fd:00 8142102                    /usr/local/jdk1.8.0_31/jre/lib/amd64/libzip.so
7f38a0622000-7f38a0623000 rw-p 0001a000 fd:00 8142102                    /usr/local/jdk1.8.0_31/jre/lib/amd64/libzip.so
7f38a0623000-7f38a0ca1000 r--s 00000000 fd:00 10227559                   /var/lib/sss/mc/passwd
7f38a0ca1000-7f38a0ca9000 r-xp 00000000 fd:00 6561289                    /usr/lib64/libnss_sss.so.2
7f38a0ca9000-7f38a0ea8000 ---p 00008000 fd:00 6561289                    /usr/lib64/libnss_sss.so.2
7f38a0ea8000-7f38a0ea9000 r--p 00007000 fd:00 6561289                    /usr/lib64/libnss_sss.so.2
7f38a0ea9000-7f38a0eaa000 rw-p 00008000 fd:00 6561289                    /usr/lib64/libnss_sss.so.2
7f38a0eae000-7f38a0eca000 r--s 00393000 fd:00 8265174                    /usr/local/jdk1.8.0_31/jre/lib/ext/cldrdata.jar
7f38a0eca000-7f38a0ecc000 r-xp 00000000 fd:00 8142091                    /usr/local/jdk1.8.0_31/jre/lib/amd64/libnpt.so
7f38a0ecc000-7f38a10cc000 ---p 00002000 fd:00 8142091                    /usr/local/jdk1.8.0_31/jre/lib/amd64/libnpt.so
7f38a10cc000-7f38a10cd000 rw-p 00002000 fd:00 8142091                    /usr/local/jdk1.8.0_31/jre/lib/amd64/libnpt.so
7f38a10cd000-7f38a1106000 r-xp 00000000 fd:00 8142075                    /usr/local/jdk1.8.0_31/jre/lib/amd64/libjdwp.so
7f38a1106000-7f38a1305000 ---p 00039000 fd:00 8142075                    /usr/local/jdk1.8.0_31/jre/lib/amd64/libjdwp.so
7f38a1305000-7f38a1307000 rw-p 00038000 fd:00 8142075                    /usr/local/jdk1.8.0_31/jre/lib/amd64/libjdwp.so
7f38a1307000-7f38a1331000 r-xp 00000000 fd:00 8142067                    /usr/local/jdk1.8.0_31/jre/lib/amd64/libjava.so
7f38a1331000-7f38a1531000 ---p 0002a000 fd:00 8142067                    /usr/local/jdk1.8.0_31/jre/lib/amd64/libjava.so
7f38a1531000-7f38a1533000 rw-p 0002a000 fd:00 8142067                    /usr/local/jdk1.8.0_31/jre/lib/amd64/libjava.so
7f38a1533000-7f38a1540000 r-xp 00000000 fd:00 8142101                    /usr/local/jdk1.8.0_31/jre/lib/amd64/libverify.so
7f38a1540000-7f38a1740000 ---p 0000d000 fd:00 8142101                    /usr/local/jdk1.8.0_31/jre/lib/amd64/libverify.so
7f38a1740000-7f38a1742000 rw-p 0000d000 fd:00 8142101                    /usr/local/jdk1.8.0_31/jre/lib/amd64/libverify.so
7f38a1742000-7f38a1745000 ---p 00000000 00:00 0 
7f38a1745000-7f38a1843000 rw-p 00000000 00:00 0                          [stack:14948]
7f38a1843000-7f38a24b1000 r-xp 00000000 fd:00 8142106                    /usr/local/jdk1.8.0_31/jre/lib/amd64/server/libjvm.so
7f38a24b1000-7f38a26b0000 ---p 00c6e000 fd:00 8142106                    /usr/local/jdk1.8.0_31/jre/lib/amd64/server/libjvm.so
7f38a26b0000-7f38a2786000 rw-p 00c6d000 fd:00 8142106                    /usr/local/jdk1.8.0_31/jre/lib/amd64/server/libjvm.so
7f38a2786000-7f38a27cc000 rw-p 00000000 00:00 0 
7f38a27cc000-7f38a27e1000 r-xp 00000000 fd:00 8267336                    /usr/local/jdk1.8.0_31/lib/amd64/jli/libjli.so
7f38a27e1000-7f38a29e0000 ---p 00015000 fd:00 8267336                    /usr/local/jdk1.8.0_31/lib/amd64/jli/libjli.so
7f38a29e0000-7f38a29e1000 rw-p 00014000 fd:00 8267336                    /usr/local/jdk1.8.0_31/lib/amd64/jli/libjli.so
7f38a29e1000-7f38a29e2000 rw-p 00000000 00:00 0 
7f38a29e3000-7f38a29e6000 rw-p 00000000 00:00 0 
7f38a29e6000-7f38a29f1000 r--s 00116000 fd:00 8265380                    /usr/local/jdk1.8.0_31/jre/lib/ext/localedata.jar
7f38a29f1000-7f38a29f2000 r--p 00000000 fd:00 6554189                    /usr/share/locale/en_GB/LC_MESSAGES/libc.mo
7f38a29f2000-7f38a29f7000 r--s 002f8000 fd:00 8142109                    /usr/local/jdk1.8.0_31/jre/lib/charsets.jar
7f38a29f7000-7f38a29f8000 r--s 00006000 00:27 87088                      /cs/home/fp26/Documents/Y3/CS3105-AI-01/ToolBox.jar
7f38a29f8000-7f38a2a00000 rw-s 00000000 00:22 8113257                    /tmp/hsperfdata_fp26/14943
7f38a2a00000-7f38a2a01000 rw-p 00000000 00:00 0 
7f38a2a01000-7f38a2a02000 r--p 00000000 00:00 0 
7f38a2a02000-7f38a2a03000 rw-p 00000000 00:00 0 
7fffcf4d3000-7fffcf4f4000 rw-p 00000000 00:00 0                          [stack]
7fffcf5fe000-7fffcf600000 r-xp 00000000 00:00 0                          [vdso]
ffffffffff600000-ffffffffff601000 r-xp 00000000 00:00 0                  [vsyscall]

VM Arguments:
jvm_args: -agentlib:jdwp=transport=dt_socket,suspend=y,address=localhost:60265 -Dfile.encoding=UTF-8 
java_command: display.UI
java_class_path (initial): /cs/home/fp26/Documents/Y3/CS3105-AI-01/bin:/cs/home/fp26/Documents/Y3/CS3105-AI-01/ToolBox.jar
Launcher Type: SUN_STANDARD

Environment Variables:
PATH=/usr/lib64/qt-3.3/bin:/usr/local/jdk/bin:/usr/local/gap:/usr/lib64/ccache:/usr/local/bin:/usr/bin:/bin:/usr/local/sbin:/usr/sbin:/usr/local/android-sdk/platform-tools:/usr/local/android-sdk/tools:/usr/local/android-ndk:/usr/local/apache-maven-3.2.5/bin
USERNAME=fp26
SHELL=/bin/bash
DISPLAY=:0

Signal Handlers:
SIGSEGV: [libjvm.so+0xa7a650], sa_mask[0]=11111111011111111101111111111110, sa_flags=SA_RESTART|SA_SIGINFO
SIGBUS: [libjvm.so+0xa7a650], sa_mask[0]=11111111011111111101111111111110, sa_flags=SA_RESTART|SA_SIGINFO
SIGFPE: [libjvm.so+0x8e28f0], sa_mask[0]=11111111011111111101111111111110, sa_flags=SA_RESTART|SA_SIGINFO
SIGPIPE: [libjvm.so+0x8e28f0], sa_mask[0]=11111111011111111101111111111110, sa_flags=SA_RESTART|SA_SIGINFO
SIGXFSZ: [libjvm.so+0x8e28f0], sa_mask[0]=11111111011111111101111111111110, sa_flags=SA_RESTART|SA_SIGINFO
SIGILL: [libjvm.so+0x8e28f0], sa_mask[0]=11111111011111111101111111111110, sa_flags=SA_RESTART|SA_SIGINFO
SIGUSR1: SIG_DFL, sa_mask[0]=00000000000000000000000000000000, sa_flags=none
SIGUSR2: [libjvm.so+0x8e4120], sa_mask[0]=00100000000000000000000000000000, sa_flags=SA_RESTART|SA_SIGINFO
SIGHUP: [libjvm.so+0x8e54e0], sa_mask[0]=11111111011111111101111111111110, sa_flags=SA_RESTART|SA_SIGINFO
SIGINT: [libjvm.so+0x8e54e0], sa_mask[0]=11111111011111111101111111111110, sa_flags=SA_RESTART|SA_SIGINFO
SIGTERM: [libjvm.so+0x8e54e0], sa_mask[0]=11111111011111111101111111111110, sa_flags=SA_RESTART|SA_SIGINFO
SIGQUIT: [libjvm.so+0x8e54e0], sa_mask[0]=11111111011111111101111111111110, sa_flags=SA_RESTART|SA_SIGINFO


---------------  S Y S T E M  ---------------

OS:Fedora release 20 (Heisenbug)

uname:Linux 3.15.6-200.fc20.x86_64 #1 SMP Fri Jul 18 02:36:27 UTC 2014 x86_64
libc:glibc 2.18 NPTL 2.18 
rlimit: STACK 8192k, CORE 0k, NPROC 1024, NOFILE 4096, AS infinity
load average:0.55 0.61 0.50

/proc/meminfo:
MemTotal:        8072200 kB
MemFree:         1535616 kB
MemAvailable:    2678160 kB
Buffers:          304076 kB
Cached:          1825836 kB
SwapCached:        96932 kB
Active:          4389216 kB
Inactive:        1691612 kB
Active(anon):    3652892 kB
Inactive(anon):  1217580 kB
Active(file):     736324 kB
Inactive(file):   474032 kB
Unevictable:          32 kB
Mlocked:              32 kB
SwapTotal:      16383996 kB
SwapFree:       15776872 kB
Dirty:                44 kB
Writeback:             0 kB
AnonPages:       3925128 kB
Mapped:           542948 kB
Shmem:            919556 kB
Slab:             239288 kB
SReclaimable:     185604 kB
SUnreclaim:        53684 kB
KernelStack:       13168 kB
PageTables:        78308 kB
NFS_Unstable:          0 kB
Bounce:                0 kB
WritebackTmp:          0 kB
CommitLimit:    20420096 kB
Committed_AS:   12367232 kB
VmallocTotal:   34359738367 kB
VmallocUsed:      383052 kB
VmallocChunk:   34359345428 kB
HardwareCorrupted:     0 kB
AnonHugePages:         0 kB
HugePages_Total:       0
HugePages_Free:        0
HugePages_Rsvd:        0
HugePages_Surp:        0
Hugepagesize:       2048 kB
DirectMap4k:       95756 kB
DirectMap2M:     8187904 kB


CPU:total 4 (4 cores per cpu, 1 threads per core) family 6 model 58 stepping 9, cmov, cx8, fxsr, mmx, sse, sse2, sse3, ssse3, sse4.1, sse4.2, popcnt, avx, aes, clmul, erms, tsc, tscinvbit, tscinv

/proc/cpuinfo:
processor	: 0
vendor_id	: GenuineIntel
cpu family	: 6
model		: 58
model name	: Intel(R) Core(TM) i5-3470S CPU @ 2.90GHz
stepping	: 9
microcode	: 0x1b
cpu MHz		: 1609.273
cache size	: 6144 KB
physical id	: 0
siblings	: 4
core id		: 0
cpu cores	: 4
apicid		: 0
initial apicid	: 0
fpu		: yes
fpu_exception	: yes
cpuid level	: 13
wp		: yes
flags		: fpu vme de pse tsc msr pae mce cx8 apic sep mtrr pge mca cmov pat pse36 clflush dts acpi mmx fxsr sse sse2 ss ht tm pbe syscall nx rdtscp lm constant_tsc arch_perfmon pebs bts rep_good nopl xtopology nonstop_tsc aperfmperf eagerfpu pni pclmulqdq dtes64 monitor ds_cpl vmx smx est tm2 ssse3 cx16 xtpr pdcm pcid sse4_1 sse4_2 x2apic popcnt tsc_deadline_timer aes xsave avx f16c rdrand lahf_lm ida arat epb xsaveopt pln pts dtherm tpr_shadow vnmi flexpriority ept vpid fsgsbase smep erms
bogomips	: 5787.29
clflush size	: 64
cache_alignment	: 64
address sizes	: 36 bits physical, 48 bits virtual
power management:

processor	: 1
vendor_id	: GenuineIntel
cpu family	: 6
model		: 58
model name	: Intel(R) Core(TM) i5-3470S CPU @ 2.90GHz
stepping	: 9
microcode	: 0x1b
cpu MHz		: 1660.363
cache size	: 6144 KB
physical id	: 0
siblings	: 4
core id		: 1
cpu cores	: 4
apicid		: 2
initial apicid	: 2
fpu		: yes
fpu_exception	: yes
cpuid level	: 13
wp		: yes
flags		: fpu vme de pse tsc msr pae mce cx8 apic sep mtrr pge mca cmov pat pse36 clflush dts acpi mmx fxsr sse sse2 ss ht tm pbe syscall nx rdtscp lm constant_tsc arch_perfmon pebs bts rep_good nopl xtopology nonstop_tsc aperfmperf eagerfpu pni pclmulqdq dtes64 monitor ds_cpl vmx smx est tm2 ssse3 cx16 xtpr pdcm pcid sse4_1 sse4_2 x2apic popcnt tsc_deadline_timer aes xsave avx f16c rdrand lahf_lm ida arat epb xsaveopt pln pts dtherm tpr_shadow vnmi flexpriority ept vpid fsgsbase smep erms
bogomips	: 5787.29
clflush size	: 64
cache_alignment	: 64
address sizes	: 36 bits physical, 48 bits virtual
power management:

processor	: 2
vendor_id	: GenuineIntel
cpu family	: 6
model		: 58
model name	: Intel(R) Core(TM) i5-3470S CPU @ 2.90GHz
stepping	: 9
microcode	: 0x1b
cpu MHz		: 1604.968
cache size	: 6144 KB
physical id	: 0
siblings	: 4
core id		: 2
cpu cores	: 4
apicid		: 4
initial apicid	: 4
fpu		: yes
fpu_exception	: yes
cpuid level	: 13
wp		: yes
flags		: fpu vme de pse tsc msr pae mce cx8 apic sep mtrr pge mca cmov pat pse36 clflush dts acpi mmx fxsr sse sse2 ss ht tm pbe syscall nx rdtscp lm constant_tsc arch_perfmon pebs bts rep_good nopl xtopology nonstop_tsc aperfmperf eagerfpu pni pclmulqdq dtes64 monitor ds_cpl vmx smx est tm2 ssse3 cx16 xtpr pdcm pcid sse4_1 sse4_2 x2apic popcnt tsc_deadline_timer aes xsave avx f16c rdrand lahf_lm ida arat epb xsaveopt pln pts dtherm tpr_shadow vnmi flexpriority ept vpid fsgsbase smep erms
bogomips	: 5787.29
clflush size	: 64
cache_alignment	: 64
address sizes	: 36 bits physical, 48 bits virtual
power management:

processor	: 3
vendor_id	: GenuineIntel
cpu family	: 6
model		: 58
model name	: Intel(R) Core(TM) i5-3470S CPU @ 2.90GHz
stepping	: 9
microcode	: 0x1b
cpu MHz		: 1602.363
cache size	: 6144 KB
physical id	: 0
siblings	: 4
core id		: 3
cpu cores	: 4
apicid		: 6
initial apicid	: 6
fpu		: yes
fpu_exception	: yes
cpuid level	: 13
wp		: yes
flags		: fpu vme de pse tsc msr pae mce cx8 apic sep mtrr pge mca cmov pat pse36 clflush dts acpi mmx fxsr sse sse2 ss ht tm pbe syscall nx rdtscp lm constant_tsc arch_perfmon pebs bts rep_good nopl xtopology nonstop_tsc aperfmperf eagerfpu pni pclmulqdq dtes64 monitor ds_cpl vmx smx est tm2 ssse3 cx16 xtpr pdcm pcid sse4_1 sse4_2 x2apic popcnt tsc_deadline_timer aes xsave avx f16c rdrand lahf_lm ida arat epb xsaveopt pln pts dtherm tpr_shadow vnmi flexpriority ept vpid fsgsbase smep erms
bogomips	: 5787.29
clflush size	: 64
cache_alignment	: 64
address sizes	: 36 bits physical, 48 bits virtual
power management:



Memory: 4k page, physical 8072200k(1535616k free), swap 16383996k(15776872k free)

vm_info: Java HotSpot(TM) 64-Bit Server VM (25.31-b07) for linux-amd64 JRE (1.8.0_31-b13), built on Dec 17 2014 20:40:15 by "java_re" with gcc 4.3.0 20080428 (Red Hat 4.3.0-8)

time: Fri Mar 13 04:47:35 2015
elapsed time: 140 seconds (0d 0h 2m 20s)

